<?xml version="1.0" encoding="UTF-8"?>
<testng-results skipped="0" failed="0" ignored="0" total="1" passed="1">
  <reporter-output>
  </reporter-output>
  <suite name="TestHelloWorld" duration-ms="35" started-at="2024-01-31T12:23:26 IST" finished-at="2024-01-31T12:23:26 IST">
    <groups>
    </groups>
    <test name="Command line test" duration-ms="35" started-at="2024-01-31T12:23:26 IST" finished-at="2024-01-31T12:23:26 IST">
      <class name="TestHelloWorld">
        <test-method status="PASS" signature="testHelloWorld()[pri:0, instance:TestHelloWorld@23ceabc1]" name="testHelloWorld" duration-ms="11" started-at="2024-01-31T12:23:26 IST" finished-at="2024-01-31T12:23:26 IST">
          <reporter-output>
          </reporter-output>
        </test-method> <!-- testHelloWorld -->
      </class> <!-- TestHelloWorld -->
    </test> <!-- Command line test -->
  </suite> <!-- TestHelloWorld -->
</testng-results>
